[0219/172556.949:ERROR:process_memory_win.cc(73)] ReadMemory at 0x13f580000 of 64 bytes failed: Запрос ReadProcessMemory или WriteProcessMemory был выполнен только частично. (0x12B)
[0219/172556.952:WARNING:pe_image_reader.cc(302)] could not read dos header from C:\Program Files (x86)\Google\Chrome\Application\chrome.exe
[0219/172556.952:ERROR:process_memory_win.cc(73)] ReadMemory at 0x77980000 of 64 bytes failed: Запрос ReadProcessMemory или WriteProcessMemory был выполнен только частично. (0x12B)
[0219/172556.953:WARNING:pe_image_reader.cc(302)] could not read dos header from C:\Windows\SYSTEM32\ntdll.dll
[0219/172556.953:ERROR:process_memory_win.cc(73)] ReadMemory at 0x77760000 of 64 bytes failed: Запрос ReadProcessMemory или WriteProcessMemory был выполнен только частично. (0x12B)
[0219/172556.953:WARNING:pe_image_reader.cc(302)] could not read dos header from C:\Windows\system32\KERNEL32.dll
[0219/172556.953:ERROR:process_memory_win.cc(73)] ReadMemory at 0x7fefd980000 of 64 bytes failed: Запрос ReadProcessMemory или WriteProcessMemory был выполнен только частично. (0x12B)
[0219/172556.953:WARNING:pe_image_reader.cc(302)] could not read dos header from C:\Windows\system32\KERNELBASE.dll
[0219/172556.953:ERROR:process_memory_win.cc(73)] ReadMemory at 0x7fed5050000 of 64 bytes failed: Запрос ReadProcessMemory или WriteProcessMemory был выполнен только частично. (0x12B)
[0219/172556.953:WARNING:pe_image_reader.cc(302)] could not read dos header from C:\Program Files (x86)\Google\Chrome\Application\72.0.3626.109\chrome_elf.dll
[0219/172556.953:ERROR:process_memory_win.cc(73)] ReadMemory at 0x7fefd640000 of 64 bytes failed: Запрос ReadProcessMemory или WriteProcessMemory был выполнен только частично. (0x12B)
[0219/172556.953:WARNING:pe_image_reader.cc(302)] could not read dos header from C:\Windows\system32\VERSION.dll
[0219/172556.953:ERROR:process_memory_win.cc(73)] ReadMemory at 0x7feffbd0000 of 64 bytes failed: Запрос ReadProcessMemory или WriteProcessMemory был выполнен только частично. (0x12B)
[0219/172556.953:WARNING:pe_image_reader.cc(302)] could not read dos header from C:\Windows\system32\msvcrt.dll
[0219/172556.953:ERROR:process_memory_win.cc(73)] ReadMemory at 0x7fefe8c0000 of 64 bytes failed: Запрос ReadProcessMemory или WriteProcessMemory был выполнен только частично. (0x12B)
[0219/172556.953:WARNING:pe_image_reader.cc(302)] could not read dos header from C:\Windows\system32\SHELL32.dll
[0219/172556.953:ERROR:process_memory_win.cc(73)] ReadMemory at 0x7feff730000 of 64 bytes failed: Запрос ReadProcessMemory или WriteProcessMemory был выполнен только частично. (0x12B)
[0219/172556.953:WARNING:pe_image_reader.cc(302)] could not read dos header from C:\Windows\system32\SHLWAPI.dll
[0219/172556.953:ERROR:process_memory_win.cc(73)] ReadMemory at 0x7feff7b0000 of 64 bytes failed: Запрос ReadProcessMemory или WriteProcessMemory был выполнен только частично. (0x12B)
[0219/172556.953:WARNING:pe_image_reader.cc(302)] could not read dos header from C:\Windows\system32\GDI32.dll
[0219/172556.953:ERROR:process_memory_win.cc(73)] ReadMemory at 0x380000 of 64 bytes failed: Запрос ReadProcessMemory или WriteProcessMemory был выполнен только частично. (0x12B)
[0219/172556.953:WARNING:pe_image_reader.cc(302)] could not read dos header from C:\Windows\system32\USER32.dll
[0219/172556.953:ERROR:process_memory_win.cc(73)] ReadMemory at 0x7fefe270000 of 64 bytes failed: Запрос ReadProcessMemory или WriteProcessMemory был выполнен только частично. (0x12B)
[0219/172556.953:WARNING:pe_image_reader.cc(302)] could not read dos header from C:\Windows\system32\LPK.dll
[0219/172556.953:ERROR:process_memory_win.cc(73)] ReadMemory at 0x7fefdb60000 of 64 bytes failed: Запрос ReadProcessMemory или WriteProcessMemory был выполнен только частично. (0x12B)
[0219/172556.953:WARNING:pe_image_reader.cc(302)] could not read dos header from C:\Windows\system32\USP10.dll
[0219/172556.953:ERROR:process_memory_win.cc(73)] ReadMemory at 0x7fefe490000 of 64 bytes failed: Запрос ReadProcessMemory или WriteProcessMemory был выполнен только частично. (0x12B)
[0219/172556.953:WARNING:pe_image_reader.cc(302)] could not read dos header from C:\Windows\system32\ADVAPI32.dll
[0219/172556.953:ERROR:process_memory_win.cc(73)] ReadMemory at 0x7feff820000 of 64 bytes failed: Запрос ReadProcessMemory или WriteProcessMemory был выполнен только частично. (0x12B)
[0219/172556.953:WARNING:pe_image_reader.cc(302)] could not read dos header from C:\Windows\SYSTEM32\sechost.dll
[0219/172556.953:ERROR:process_memory_win.cc(73)] ReadMemory at 0x7feff860000 of 64 bytes failed: Запрос ReadProcessMemory или WriteProcessMemory был выполнен только частично. (0x12B)
[0219/172556.953:WARNING:pe_image_reader.cc(302)] could not read dos header from C:\Windows\system32\RPCRT4.dll
[0219/172556.953:ERROR:process_memory_win.cc(73)] ReadMemory at 0x7fefb580000 of 64 bytes failed: Запрос ReadProcessMemory или WriteProcessMemory был выполнен только частично. (0x12B)
[0219/172556.954:WARNING:pe_image_reader.cc(302)] could not read dos header from C:\Windows\system32\WINMM.dll
[0219/172556.954:ERROR:process_memory_win.cc(73)] ReadMemory at 0x7fefdac0000 of 64 bytes failed: Запрос ReadProcessMemory или WriteProcessMemory был выполнен только частично. (0x12B)
[0219/172556.954:WARNING:pe_image_reader.cc(302)] could not read dos header from C:\Windows\system32\USERENV.dll
[0219/172556.954:ERROR:process_memory_win.cc(73)] ReadMemory at 0x7fefd730000 of 64 bytes failed: Запрос ReadProcessMemory или WriteProcessMemory был выполнен только частично. (0x12B)
[0219/172556.954:WARNING:pe_image_reader.cc(302)] could not read dos header from C:\Windows\system32\profapi.dll
[0219/172556.954:ERROR:process_memory_win.cc(73)] ReadMemory at 0x77b20000 of 64 bytes failed: Запрос ReadProcessMemory или WriteProcessMemory был выполнен только частично. (0x12B)
[0219/172556.954:WARNING:pe_image_reader.cc(302)] could not read dos header from C:\Windows\system32\PSAPI.DLL
[0219/172556.954:ERROR:process_memory_win.cc(73)] ReadMemory at 0x7fef1f30000 of 64 bytes failed: Запрос ReadProcessMemory или WriteProcessMemory был выполнен только частично. (0x12B)
[0219/172556.954:WARNING:pe_image_reader.cc(302)] could not read dos header from C:\Windows\system32\api-ms-win-core-synch-l1-2-0.DLL
[0219/172556.954:ERROR:process_memory_win.cc(73)] ReadMemory at 0x7fefe840000 of 64 bytes failed: Запрос ReadProcessMemory или WriteProcessMemory был выполнен только частично. (0x12B)
[0219/172556.954:WARNING:pe_image_reader.cc(302)] could not read dos header from C:\Windows\system32\IMM32.DLL
[0219/172556.954:ERROR:process_memory_win.cc(73)] ReadMemory at 0x7fefde90000 of 64 bytes failed: Запрос ReadProcessMemory или WriteProcessMemory был выполнен только частично. (0x12B)
[0219/172556.954:WARNING:pe_image_reader.cc(302)] could not read dos header from C:\Windows\system32\MSCTF.dll
[0219/172556.954:ERROR:process_memory_win.cc(73)] ReadMemory at 0x7fefd650000 of 64 bytes failed: Запрос ReadProcessMemory или WriteProcessMemory был выполнен только частично. (0x12B)
[0219/172556.954:WARNING:pe_image_reader.cc(302)] could not read dos header from C:\Windows\system32\nvinitx.dll
[0219/172556.954:ERROR:process_memory_win.cc(73)] ReadMemory at 0xf000000 of 64 bytes failed: Запрос ReadProcessMemory или WriteProcessMemory был выполнен только частично. (0x12B)
[0219/172556.954:WARNING:pe_image_reader.cc(302)] could not read dos header from C:\Program Files\NVIDIA Corporation\CoProcManager\detoured.dll
[0219/172556.954:ERROR:process_memory_win.cc(73)] ReadMemory at 0x7fef9d20000 of 64 bytes failed: Запрос ReadProcessMemory или WriteProcessMemory был выполнен только частично. (0x12B)
[0219/172556.954:WARNING:pe_image_reader.cc(302)] could not read dos header from C:\Program Files\NVIDIA Corporation\CoProcManager\nvd3d9wrapx.dll
[0219/172556.954:ERROR:process_memory_win.cc(73)] ReadMemory at 0x7feff9f0000 of 64 bytes failed: Запрос ReadProcessMemory или WriteProcessMemory был выполнен только частично. (0x12B)
[0219/172556.954:WARNING:pe_image_reader.cc(302)] could not read dos header from C:\Windows\system32\SETUPAPI.dll
[0219/172556.954:ERROR:process_memory_win.cc(73)] ReadMemory at 0x7fefd940000 of 64 bytes failed: Запрос ReadProcessMemory или WriteProcessMemory был выполнен только частично. (0x12B)
[0219/172556.954:WARNING:pe_image_reader.cc(302)] could not read dos header from C:\Windows\system32\CFGMGR32.dll
[0219/172556.954:ERROR:process_memory_win.cc(73)] ReadMemory at 0x7feff650000 of 64 bytes failed: Запрос ReadProcessMemory или WriteProcessMemory был выполнен только частично. (0x12B)
[0219/172556.954:WARNING:pe_image_reader.cc(302)] could not read dos header from C:\Windows\system32\OLEAUT32.dll
[0219/172556.954:ERROR:process_memory_win.cc(73)] ReadMemory at 0x7fefe290000 of 64 bytes failed: Запрос ReadProcessMemory или WriteProcessMemory был выполнен только частично. (0x12B)
[0219/172556.954:WARNING:pe_image_reader.cc(302)] could not read dos header from C:\Windows\system32\ole32.dll
[0219/172556.954:ERROR:process_memory_win.cc(73)] ReadMemory at 0x7fefd760000 of 64 bytes failed: Запрос ReadProcessMemory или WriteProcessMemory был выполнен только частично. (0x12B)
[0219/172556.954:WARNING:pe_image_reader.cc(302)] could not read dos header from C:\Windows\system32\DEVOBJ.dll
[0219/172556.954:ERROR:process_memory_win.cc(73)] ReadMemory at 0x7fef9cf0000 of 64 bytes failed: Запрос ReadProcessMemory или WriteProcessMemory был выполнен только частично. (0x12B)
[0219/172556.954:WARNING:pe_image_reader.cc(302)] could not read dos header from C:\Program Files\NVIDIA Corporation\CoProcManager\nvdxgiwrapx.dll
[0219/172556.954:ERROR:process_memory_win.cc(73)] ReadMemory at 0x7fecb870000 of 64 bytes failed: Запрос ReadProcessMemory или WriteProcessMemory был выполнен только частично. (0x12B)
[0219/172556.954:WARNING:pe_image_reader.cc(302)] could not read dos header from C:\Program Files (x86)\Google\Chrome\Application\72.0.3626.109\chrome_child.dll
[0219/172556.954:ERROR:process_memory_win.cc(73)] ReadMemory at 0x7fefe870000 of 64 bytes failed: Запрос ReadProcessMemory или WriteProcessMemory был выполнен только частично. (0x12B)
[0219/172556.954:WARNING:pe_image_reader.cc(302)] could not read dos header from C:\Windows\system32\WS2_32.dll
[0219/172556.955:ERROR:process_memory_win.cc(73)] ReadMemory at 0x7fefe280000 of 64 bytes failed: Запрос ReadProcessMemory или WriteProcessMemory был выполнен только частично. (0x12B)
[0219/172556.955:WARNING:pe_image_reader.cc(302)] could not read dos header from C:\Windows\system32\NSI.dll
[0219/172556.955:ERROR:process_memory_win.cc(73)] ReadMemory at 0x7fefb220000 of 64 bytes failed: Запрос ReadProcessMemory или WriteProcessMemory был выполнен только частично. (0x12B)
[0219/172556.955:WARNING:pe_image_reader.cc(302)] could not read dos header from C:\Windows\system32\IPHLPAPI.DLL
[0219/172556.955:ERROR:process_memory_win.cc(73)] ReadMemory at 0x7fefb210000 of 64 bytes failed: Запрос ReadProcessMemory или WriteProcessMemory был выполнен только частично. (0x12B)
[0219/172556.955:WARNING:pe_image_reader.cc(302)] could not read dos header from C:\Windows\system32\WINNSI.DLL
[0219/172556.955:ERROR:process_memory_win.cc(73)] ReadMemory at 0x7fefa230000 of 64 bytes failed: Запрос ReadProcessMemory или WriteProcessMemory был выполнен только частично. (0x12B)
[0219/172556.955:WARNING:pe_image_reader.cc(302)] could not read dos header from C:\Windows\system32\OLEACC.dll
[0219/172556.955:ERROR:process_memory_win.cc(73)] ReadMemory at 0x7fefd780000 of 64 bytes failed: Запрос ReadProcessMemory или WriteProcessMemory был выполнен только частично. (0x12B)
[0219/172556.955:WARNING:pe_image_reader.cc(302)] could not read dos header from C:\Windows\system32\WINTRUST.dll
[0219/172556.955:ERROR:process_memory_win.cc(73)] ReadMemory at 0x23e0000 of 64 bytes failed: Запрос ReadProcessMemory или WriteProcessMemory был выполнен только частично. (0x12B)
[0219/172556.955:WARNING:pe_image_reader.cc(302)] could not read dos header from C:\Windows\system32\CRYPT32.dll
[0219/172556.955:ERROR:process_memory_win.cc(73)] ReadMemory at 0x7fefd720000 of 64 bytes failed: Запрос ReadProcessMemory или WriteProcessMemory был выполнен только частично. (0x12B)
[0219/172556.955:WARNING:pe_image_reader.cc(302)] could not read dos header from C:\Windows\system32\MSASN1.dll
[0219/172556.955:ERROR:process_memory_win.cc(73)] ReadMemory at 0x7fee1300000 of 64 bytes failed: Запрос ReadProcessMemory или WriteProcessMemory был выполнен только частично. (0x12B)
[0219/172556.955:WARNING:pe_image_reader.cc(302)] could not read dos header from C:\Windows\system32\DWrite.dll
[0219/172556.955:ERROR:process_memory_win.cc(73)] ReadMemory at 0x7fef3d30000 of 64 bytes failed: Запрос ReadProcessMemory или WriteProcessMemory был выполнен только частично. (0x12B)
[0219/172556.955:WARNING:pe_image_reader.cc(302)] could not read dos header from C:\Windows\system32\dxgi.dll
[0219/172556.955:ERROR:process_memory_win.cc(73)] ReadMemory at 0x7fefb360000 of 64 bytes failed: Запрос ReadProcessMemory или WriteProcessMemory был выполнен только частично. (0x12B)
[0219/172556.955:WARNING:pe_image_reader.cc(302)] could not read dos header from C:\Windows\system32\dwmapi.dll
[0219/172556.955:ERROR:process_memory_win.cc(73)] ReadMemory at 0x7fef9770000 of 64 bytes failed: Запрос ReadProcessMemory или WriteProcessMemory был выполнен только частично. (0x12B)
[0219/172556.955:WARNING:pe_image_reader.cc(302)] could not read dos header from C:\Windows\system32\WINSPOOL.DRV
[0219/172556.955:ERROR:process_memory_win.cc(73)] ReadMemory at 0x7fef8960000 of 64 bytes failed: Запрос ReadProcessMemory или WriteProcessMemory был выполнен только частично. (0x12B)
[0219/172556.955:WARNING:pe_image_reader.cc(302)] could not read dos header from C:\Windows\system32\dbghelp.dll
[0219/172556.955:ERROR:process_memory_win.cc(73)] ReadMemory at 0x7fefe610000 of 64 bytes failed: Запрос ReadProcessMemory или WriteProcessMemory был выполнен только частично. (0x12B)
[0219/172556.955:WARNING:pe_image_reader.cc(302)] could not read dos header from C:\Windows\system32\COMDLG32.dll
[0219/172556.955:ERROR:process_memory_win.cc(73)] ReadMemory at 0x7fefc030000 of 64 bytes failed: Запрос ReadProcessMemory или WriteProcessMemory был выполнен только частично. (0x12B)
[0219/172556.955:WARNING:pe_image_reader.cc(302)] could not read dos header from C:\Windows\WinSxS\amd64_microsoft.windows.common-controls_6595b64144ccf1df_6.0.7601.18837_none_fa3b1e3d17594757\COMCTL32.dll
[0219/172556.955:ERROR:process_memory_win.cc(73)] ReadMemory at 0x7fef8bc0000 of 64 bytes failed: Запрос ReadProcessMemory или WriteProcessMemory был выполнен только частично. (0x12B)
[0219/172556.955:WARNING:pe_image_reader.cc(302)] could not read dos header from C:\Windows\system32\WINHTTP.dll
[0219/172556.955:ERROR:process_memory_win.cc(73)] ReadMemory at 0x7fef8b50000 of 64 bytes failed: Запрос ReadProcessMemory или WriteProcessMemory был выполнен только частично. (0x12B)
[0219/172556.955:WARNING:pe_image_reader.cc(302)] could not read dos header from C:\Windows\system32\webio.dll
[0219/172556.955:ERROR:process_memory_win.cc(73)] ReadMemory at 0x7fefe6b0000 of 64 bytes failed: Запрос ReadProcessMemory или WriteProcessMemory был выполнен только частично. (0x12B)
[0219/172556.955:WARNING:pe_image_reader.cc(302)] could not read dos header from C:\Windows\system32\urlmon.dll
[0219/172556.955:ERROR:process_memory_win.cc(73)] ReadMemory at 0x7fefdab0000 of 64 bytes failed: Запрос ReadProcessMemory или WriteProcessMemory был выполнен только частично. (0x12B)
[0219/172556.955:WARNING:pe_image_reader.cc(302)] could not read dos header from C:\Windows\system32\api-ms-win-downlevel-ole32-l1-1-0.dll
[0219/172556.955:ERROR:process_memory_win.cc(73)] ReadMemory at 0x7fefd7c0000 of 64 bytes failed: Запрос ReadProcessMemory или WriteProcessMemory был выполнен только частично. (0x12B)
[0219/172556.955:WARNING:pe_image_reader.cc(302)] could not read dos header from C:\Windows\system32\api-ms-win-downlevel-shlwapi-l1-1-0.dll
[0219/172556.956:ERROR:process_memory_win.cc(73)] ReadMemory at 0x7fefda90000 of 64 bytes failed: Запрос ReadProcessMemory или WriteProcessMemory был выполнен только частично. (0x12B)
[0219/172556.956:WARNING:pe_image_reader.cc(302)] could not read dos header from C:\Windows\system32\api-ms-win-downlevel-advapi32-l1-1-0.dll
[0219/172556.956:ERROR:process_memory_win.cc(73)] ReadMemory at 0x7fefd750000 of 64 bytes failed: Запрос ReadProcessMemory или WriteProcessMemory был выполнен только частично. (0x12B)
[0219/172556.956:WARNING:pe_image_reader.cc(302)] could not read dos header from C:\Windows\system32\api-ms-win-downlevel-user32-l1-1-0.dll
[0219/172556.956:ERROR:process_memory_win.cc(73)] ReadMemory at 0x7fefd740000 of 64 bytes failed: Запрос ReadProcessMemory или WriteProcessMemory был выполнен только частично. (0x12B)
[0219/172556.956:WARNING:pe_image_reader.cc(302)] could not read dos header from C:\Windows\system32\api-ms-win-downlevel-version-l1-1-0.dll
[0219/172556.956:ERROR:process_memory_win.cc(73)] ReadMemory at 0x7fefdaa0000 of 64 bytes failed: Запрос ReadProcessMemory или WriteProcessMemory был выполнен только частично. (0x12B)
[0219/172556.956:WARNING:pe_image_reader.cc(302)] could not read dos header from C:\Windows\system32\api-ms-win-downlevel-normaliz-l1-1-0.dll
[0219/172556.956:ERROR:process_memory_win.cc(73)] ReadMemory at 0x77b30000 of 64 bytes failed: Запрос ReadProcessMemory или WriteProcessMemory был выполнен только частично. (0x12B)
[0219/172556.956:WARNING:pe_image_reader.cc(302)] could not read dos header from C:\Windows\system32\normaliz.DLL
[0219/172556.956:ERROR:process_memory_win.cc(73)] ReadMemory at 0x7fefdfa0000 of 64 bytes failed: Запрос ReadProcessMemory или WriteProcessMemory был выполнен только частично. (0x12B)
[0219/172556.956:WARNING:pe_image_reader.cc(302)] could not read dos header from C:\Windows\system32\iertutil.dll
[0219/172556.956:ERROR:process_memory_win.cc(73)] ReadMemory at 0x7fefdc30000 of 64 bytes failed: Запрос ReadProcessMemory или WriteProcessMemory был выполнен только частично. (0x12B)
[0219/172556.956:WARNING:pe_image_reader.cc(302)] could not read dos header from C:\Windows\system32\WININET.dll
[0219/172556.956:ERROR:process_memory_win.cc(73)] ReadMemory at 0x7fefd2f0000 of 64 bytes failed: Запрос ReadProcessMemory или WriteProcessMemory был выполнен только частично. (0x12B)
[0219/172556.956:WARNING:pe_image_reader.cc(302)] could not read dos header from C:\Windows\system32\Secur32.dll
[0219/172556.956:ERROR:process_memory_win.cc(73)] ReadMemory at 0x7fefd4a0000 of 64 bytes failed: Запрос ReadProcessMemory или WriteProcessMemory был выполнен только частично. (0x12B)
[0219/172556.956:WARNING:pe_image_reader.cc(302)] could not read dos header from C:\Windows\system32\SSPICLI.DLL
[0219/172556.956:ERROR:process_memory_win.cc(73)] ReadMemory at 0x7fefb020000 of 64 bytes failed: Запрос ReadProcessMemory или WriteProcessMemory был выполнен только частично. (0x12B)
[0219/172556.956:WARNING:pe_image_reader.cc(302)] could not read dos header from C:\Windows\system32\dhcpcsvc.DLL
[0219/172556.956:ERROR:process_memory_win.cc(73)] ReadMemory at 0x7fefd530000 of 64 bytes failed: Запрос ReadProcessMemory или WriteProcessMemory был выполнен только частично. (0x12B)
[0219/172556.956:WARNING:pe_image_reader.cc(302)] could not read dos header from C:\Windows\system32\CRYPTBASE.dll
[0219/172556.956:ERROR:process_memory_win.cc(73)] ReadMemory at 0x7fedaf20000 of 64 bytes failed: Запрос ReadProcessMemory или WriteProcessMemory был выполнен только частично. (0x12B)
[0219/172556.956:WARNING:pe_image_reader.cc(302)] could not read dos header from C:\Windows\system32\mf.dll
[0219/172556.956:ERROR:process_memory_win.cc(73)] ReadMemory at 0x7fefb8c0000 of 64 bytes failed: Запрос ReadProcessMemory или WriteProcessMemory был выполнен только частично. (0x12B)
[0219/172556.956:WARNING:pe_image_reader.cc(302)] could not read dos header from C:\Windows\system32\ATL.DLL
[0219/172556.956:ERROR:process_memory_win.cc(73)] ReadMemory at 0x7fefa290000 of 64 bytes failed: Запрос ReadProcessMemory или WriteProcessMemory был выполнен только частично. (0x12B)
[0219/172556.956:WARNING:pe_image_reader.cc(302)] could not read dos header from C:\Windows\system32\MFPlat.DLL
[0219/172556.956:ERROR:process_memory_win.cc(73)] ReadMemory at 0x7fefc000000 of 64 bytes failed: Запрос ReadProcessMemory или WriteProcessMemory был выполнен только частично. (0x12B)
[0219/172556.956:WARNING:pe_image_reader.cc(302)] could not read dos header from C:\Windows\system32\AVRT.dll
[0219/172556.956:ERROR:process_memory_win.cc(73)] ReadMemory at 0x75480000 of 64 bytes failed: Запрос ReadProcessMemory или WriteProcessMemory был выполнен только частично. (0x12B)
[0219/172556.956:WARNING:pe_image_reader.cc(302)] could not read dos header from C:\Windows\system32\ksuser.dll
[0219/172556.956:ERROR:process_memory_win.cc(73)] ReadMemory at 0x7feda630000 of 64 bytes failed: Запрос ReadProcessMemory или WriteProcessMemory был выполнен только частично. (0x12B)
[0219/172556.956:WARNING:pe_image_reader.cc(302)] could not read dos header from C:\Windows\system32\msmpeg2vdec.dll
[0219/172556.956:ERROR:process_memory_win.cc(73)] ReadMemory at 0x7feda590000 of 64 bytes failed: Запрос ReadProcessMemory или WriteProcessMemory был выполнен только частично. (0x12B)
[0219/172556.957:WARNING:pe_image_reader.cc(302)] could not read dos header from C:\Windows\system32\EVR.dll
[0219/172556.957:ERROR:process_memory_win.cc(73)] ReadMemory at 0x7fefc230000 of 64 bytes failed: Запрос ReadProcessMemory или WriteProcessMemory был выполнен только частично. (0x12B)
[0219/172556.957:WARNING:pe_image_reader.cc(302)] could not read dos header from C:\Windows\system32\POWRPROF.dll
[0219/172556.957:ERROR:process_memory_win.cc(73)] ReadMemory at 0x7fefb8b0000 of 64 bytes failed: Запрос ReadProcessMemory или WriteProcessMemory был выполнен только частично. (0x12B)
[0219/172556.957:WARNING:pe_image_reader.cc(302)] could not read dos header from C:\Windows\system32\slc.dll
[0219/172556.957:ERROR:process_memory_win.cc(73)] ReadMemory at 0x7fefd010000 of 64 bytes failed: Запрос ReadProcessMemory или WriteProcessMemory был выполнен только частично. (0x12B)
[0219/172556.957:WARNING:pe_image_reader.cc(302)] could not read dos header from C:\Windows\system32\bcrypt.dll
[0219/172556.957:ERROR:process_memory_win.cc(73)] ReadMemory at 0x7fedb810000 of 64 bytes failed: Запрос ReadProcessMemory или WriteProcessMemory был выполнен только частично. (0x12B)
[0219/172556.957:WARNING:pe_image_reader.cc(302)] could not read dos header from C:\Windows\system32\dxva2.dll
[0219/172556.957:ERROR:process_memory_win.cc(73)] ReadMemory at 0x7fecb060000 of 64 bytes failed: Запрос ReadProcessMemory или WriteProcessMemory был выполнен только частично. (0x12B)
[0219/172556.957:WARNING:pe_image_reader.cc(302)] could not read dos header from C:\Windows\system32\D3DCompiler_47.dll
[0219/172556.957:ERROR:process_memory_win.cc(73)] ReadMemory at 0x7feca9f0000 of 64 bytes failed: Запрос ReadProcessMemory или WriteProcessMemory был выполнен только частично. (0x12B)
[0219/172556.957:WARNING:pe_image_reader.cc(302)] could not read dos header from C:\Program Files (x86)\Google\Chrome\Application\72.0.3626.109\libglesv2.dll
[0219/172556.957:ERROR:process_memory_win.cc(73)] ReadMemory at 0x7fee9a50000 of 64 bytes failed: Запрос ReadProcessMemory или WriteProcessMemory был выполнен только частично. (0x12B)
[0219/172556.957:WARNING:pe_image_reader.cc(302)] could not read dos header from C:\Windows\system32\d3d9.dll
[0219/172556.957:ERROR:process_memory_win.cc(73)] ReadMemory at 0x7fefa6d0000 of 64 bytes failed: Запрос ReadProcessMemory или WriteProcessMemory был выполнен только частично. (0x12B)
[0219/172556.957:WARNING:pe_image_reader.cc(302)] could not read dos header from C:\Windows\system32\d3d8thk.dll
[0219/172556.957:ERROR:process_memory_win.cc(73)] ReadMemory at 0x7feeae60000 of 64 bytes failed: Запрос ReadProcessMemory или WriteProcessMemory был выполнен только частично. (0x12B)
[0219/172556.957:WARNING:pe_image_reader.cc(302)] could not read dos header from C:\Program Files (x86)\Google\Chrome\Application\72.0.3626.109\libegl.dll
[0219/172556.957:ERROR:process_memory_win.cc(73)] ReadMemory at 0x7fef3b50000 of 64 bytes failed: Запрос ReadProcessMemory или WriteProcessMemory был выполнен только частично. (0x12B)
[0219/172556.957:WARNING:pe_image_reader.cc(302)] could not read dos header from C:\Windows\system32\d3d11.dll
[0219/172556.957:ERROR:process_memory_win.cc(73)] ReadMemory at 0x7fef9670000 of 64 bytes failed: Запрос ReadProcessMemory или WriteProcessMemory был выполнен только частично. (0x12B)
[0219/172556.957:WARNING:pe_image_reader.cc(302)] could not read dos header from C:\Windows\system32\nvumdshimx.dll
[0219/172556.957:ERROR:process_memory_win.cc(73)] ReadMemory at 0x7fefb850000 of 64 bytes failed: Запрос ReadProcessMemory или WriteProcessMemory был выполнен только частично. (0x12B)
[0219/172556.957:WARNING:pe_image_reader.cc(302)] could not read dos header from C:\Windows\system32\uxtheme.dll
[0219/172556.957:ERROR:process_memory_win.cc(73)] ReadMemory at 0x7fef2bf0000 of 64 bytes failed: Запрос ReadProcessMemory или WriteProcessMemory был выполнен только частично. (0x12B)
[0219/172556.957:WARNING:pe_image_reader.cc(302)] could not read dos header from C:\Windows\system32\igd10iumd64.dll
[0219/172556.957:ERROR:process_memory_win.cc(73)] ReadMemory at 0x7fefd040000 of 64 bytes failed: Запрос ReadProcessMemory или WriteProcessMemory был выполнен только частично. (0x12B)
[0219/172556.957:WARNING:pe_image_reader.cc(302)] could not read dos header from C:\Windows\system32\ncrypt.dll
[0219/172556.957:ERROR:process_memory_win.cc(73)] ReadMemory at 0x7fef1fe0000 of 64 bytes failed: Запрос ReadProcessMemory или WriteProcessMemory был выполнен только частично. (0x12B)
[0219/172556.957:WARNING:pe_image_reader.cc(302)] could not read dos header from C:\Windows\system32\igdusc64.dll
[0219/172557.081:ERROR:process_memory_win.cc(73)] ReadMemory at 0x36e000 of 73728 bytes failed: Запрос ReadProcessMemory или WriteProcessMemory был выполнен только частично. (0x12B)
[0219/172557.081:ERROR:process_memory_win.cc(73)] ReadMemory at 0x398e000 of 8192 bytes failed: Запрос ReadProcessMemory или WriteProcessMemory был выполнен только частично. (0x12B)
[0219/172557.081:ERROR:process_memory_win.cc(73)] ReadMemory at 0x482e000 of 8192 bytes failed: Запрос ReadProcessMemory или WriteProcessMemory был выполнен только частично. (0x12B)
[0219/172557.081:ERROR:process_memory_win.cc(73)] ReadMemory at 0x4afe000 of 8192 bytes failed: Запрос ReadProcessMemory или WriteProcessMemory был выполнен только частично. (0x12B)
[0219/172557.082:ERROR:process_memory_win.cc(73)] ReadMemory at 0x4ece000 of 8192 bytes failed: Запрос ReadProcessMemory или WriteProcessMemory был выполнен только частично. (0x12B)
[0219/172557.082:ERROR:process_memory_win.cc(73)] ReadMemory at 0x512e000 of 8192 bytes failed: Запрос ReadProcessMemory или WriteProcessMemory был выполнен только частично. (0x12B)
[0219/172557.082:ERROR:process_memory_win.cc(73)] ReadMemory at 0x538e000 of 8192 bytes failed: Запрос ReadProcessMemory или WriteProcessMemory был выполнен только частично. (0x12B)
[0219/172557.082:ERROR:process_memory_win.cc(73)] ReadMemory at 0x55cd000 of 12288 bytes failed: Запрос ReadProcessMemory или WriteProcessMemory был выполнен только частично. (0x12B)
[0219/172557.082:ERROR:process_memory_win.cc(73)] ReadMemory at 0x584f000 of 4096 bytes failed: Запрос ReadProcessMemory или WriteProcessMemory был выполнен только частично. (0x12B)
[0219/172557.082:ERROR:process_memory_win.cc(73)] ReadMemory at 0x5aee000 of 8192 bytes failed: Запрос ReadProcessMemory или WriteProcessMemory был выполнен только частично. (0x12B)
[0219/172557.082:ERROR:process_memory_win.cc(73)] ReadMemory at 0x6077000 of 36864 bytes failed: Запрос ReadProcessMemory или WriteProcessMemory был выполнен только частично. (0x12B)
[0219/172557.082:ERROR:process_memory_win.cc(73)] ReadMemory at 0xecdf000 of 4096 bytes failed: Запрос ReadProcessMemory или WriteProcessMemory был выполнен только частично. (0x12B)
[0219/172557.082:ERROR:process_memory_win.cc(73)] ReadMemory at 0xa626000 of 40960 bytes failed: Запрос ReadProcessMemory или WriteProcessMemory был выполнен только частично. (0x12B)
[0219/172557.082:ERROR:process_memory_win.cc(73)] ReadMemory at 0xccd6000 of 40960 bytes failed: Запрос ReadProcessMemory или WriteProcessMemory был выполнен только частично. (0x12B)
[0219/172557.082:ERROR:process_memory_win.cc(73)] ReadMemory at 0x531320 of 20214 bytes failed: Запрос ReadProcessMemory или WriteProcessMemory был выполнен только частично. (0x12B)
[0219/172557.082:ERROR:process_memory_win.cc(73)] ReadMemory at 0x536220 of 1012 bytes failed: Запрос ReadProcessMemory или WriteProcessMemory был выполнен только частично. (0x12B)
[0219/172557.082:ERROR:process_memory_win.cc(73)] ReadMemory at 0x536828 of 2818 bytes failed: Запрос ReadProcessMemory или WriteProcessMemory был выполнен только частично. (0x12B)
[0219/172557.082:ERROR:process_memory_win.cc(73)] ReadMemory at 0x53732c of 118 bytes failed: Запрос ReadProcessMemory или WriteProcessMemory был выполнен только частично. (0x12B)
[0219/172557.082:ERROR:process_memory_win.cc(73)] ReadMemory at 0x5373a4 of 990 bytes failed: Запрос ReadProcessMemory или WriteProcessMemory был выполнен только частично. (0x12B)
[0219/172557.083:ERROR:process_memory_win.cc(73)] ReadMemory at 0x537784 of 118 bytes failed: Запрос ReadProcessMemory или WriteProcessMemory был выполнен только частично. (0x12B)
[0219/172557.083:ERROR:process_memory_win.cc(73)] ReadMemory at 0x5377fc of 30 bytes failed: Запрос ReadProcessMemory или WriteProcessMemory был выполнен только частично. (0x12B)
[0219/172557.083:ERROR:process_memory_win.cc(73)] ReadMemory at 0x537830 of 58 bytes failed: Запрос ReadProcessMemory или WriteProcessMemory был выполнен только частично. (0x12B)
[0219/172557.083:ERROR:process_memory_win.cc(73)] ReadMemory at 0x5378c0 of 132 bytes failed: Запрос ReadProcessMemory или WriteProcessMemory был выполнен только частично. (0x12B)
[0219/172557.083:ERROR:process_memory_win.cc(73)] ReadMemory at 0x5379b0 of 132 bytes failed: Запрос ReadProcessMemory или WriteProcessMemory был выполнен только частично. (0x12B)
[0219/172557.083:ERROR:process_memory_win.cc(73)] ReadMemory at 0x537db0 of 132 bytes failed: Запрос ReadProcessMemory или WriteProcessMemory был выполнен только частично. (0x12B)
[0219/172557.083:ERROR:process_memory_win.cc(73)] ReadMemory at 0x537ea0 of 132 bytes failed: Запрос ReadProcessMemory или WriteProcessMemory был выполнен только частично. (0x12B)
[0219/172557.083:ERROR:process_memory_win.cc(73)] ReadMemory at 0x538170 of 64 bytes failed: Запрос ReadProcessMemory или WriteProcessMemory был выполнен только частично. (0x12B)
[0219/172557.083:ERROR:process_memory_win.cc(73)] ReadMemory at 0x5381f0 of 68 bytes failed: Запрос ReadProcessMemory или WriteProcessMemory был выполнен только частично. (0x12B)
[0219/172557.083:ERROR:process_memory_win.cc(73)] ReadMemory at 0x576b80 of 54 bytes failed: Запрос ReadProcessMemory или WriteProcessMemory был выполнен только частично. (0x12B)
[0219/172557.083:ERROR:process_memory_win.cc(73)] ReadMemory at 0x579260 of 62 bytes failed: Запрос ReadProcessMemory или WriteProcessMemory был выполнен только частично. (0x12B)
[0219/172557.083:ERROR:process_memory_win.cc(73)] ReadMemory at 0x5792b0 of 60 bytes failed: Запрос ReadProcessMemory или WriteProcessMemory был выполнен только частично. (0x12B)
[0219/172557.083:ERROR:process_memory_win.cc(73)] ReadMemory at 0x579350 of 62 bytes failed: Запрос ReadProcessMemory или WriteProcessMemory был выполнен только частично. (0x12B)
[0219/172557.083:ERROR:process_memory_win.cc(73)] ReadMemory at 0x5793a0 of 62 bytes failed: Запрос ReadProcessMemory или WriteProcessMemory был выполнен только частично. (0x12B)
[0219/172557.083:ERROR:process_memory_win.cc(73)] ReadMemory at 0x5793f0 of 58 bytes failed: Запрос ReadProcessMemory или WriteProcessMemory был выполнен только частично. (0x12B)
[0219/172557.083:ERROR:process_memory_win.cc(73)] ReadMemory at 0x579440 of 60 bytes failed: Запрос ReadProcessMemory или WriteProcessMemory был выполнен только частично. (0x12B)
[0219/172557.083:ERROR:process_memory_win.cc(73)] ReadMemory at 0x579490 of 58 bytes failed: Запрос ReadProcessMemory или WriteProcessMemory был выполнен только частично. (0x12B)
[0219/172557.083:ERROR:process_memory_win.cc(73)] ReadMemory at 0x5794e0 of 64 bytes failed: Запрос ReadProcessMemory или WriteProcessMemory был выполнен только частично. (0x12B)
[0219/172557.083:ERROR:process_memory_win.cc(73)] ReadMemory at 0x579530 of 62 bytes failed: Запрос ReadProcessMemory или WriteProcessMemory был выполнен только частично. (0x12B)
[0219/172557.084:ERROR:process_memory_win.cc(73)] ReadMemory at 0x579580 of 60 bytes failed: Запрос ReadProcessMemory или WriteProcessMemory был выполнен только частично. (0x12B)
[0219/172557.084:ERROR:process_memory_win.cc(73)] ReadMemory at 0x5795d0 of 58 bytes failed: Запрос ReadProcessMemory или WriteProcessMemory был выполнен только частично. (0x12B)
[0219/172557.084:ERROR:process_memory_win.cc(73)] ReadMemory at 0x579620 of 62 bytes failed: Запрос ReadProcessMemory или WriteProcessMemory был выполнен только частично. (0x12B)
[0219/172557.084:ERROR:process_memory_win.cc(73)] ReadMemory at 0x579670 of 62 bytes failed: Запрос ReadProcessMemory или WriteProcessMemory был выполнен только частично. (0x12B)
[0219/172557.084:ERROR:process_memory_win.cc(73)] ReadMemory at 0x5796c0 of 58 bytes failed: Запрос ReadProcessMemory или WriteProcessMemory был выполнен только частично. (0x12B)
[0219/172557.084:ERROR:process_memory_win.cc(73)] ReadMemory at 0x579710 of 60 bytes failed: Запрос ReadProcessMemory или WriteProcessMemory был выполнен только частично. (0x12B)
[0219/172557.084:ERROR:process_memory_win.cc(73)] ReadMemory at 0x579760 of 58 bytes failed: Запрос ReadProcessMemory или WriteProcessMemory был выполнен только частично. (0x12B)
[0219/172557.084:ERROR:process_memory_win.cc(73)] ReadMemory at 0x5797b0 of 58 bytes failed: Запрос ReadProcessMemory или WriteProcessMemory был выполнен только частично. (0x12B)
[0219/172557.084:ERROR:process_memory_win.cc(73)] ReadMemory at 0x579800 of 62 bytes failed: Запрос ReadProcessMemory или WriteProcessMemory был выполнен только частично. (0x12B)
[0219/172557.084:ERROR:process_memory_win.cc(73)] ReadMemory at 0x57b550 of 154 bytes failed: Запрос ReadProcessMemory или WriteProcessMemory был выполнен только частично. (0x12B)
[0219/172557.084:ERROR:process_memory_win.cc(73)] ReadMemory at 0x57b600 of 132 bytes failed: Запрос ReadProcessMemory или WriteProcessMemory был выполнен только частично. (0x12B)
[0219/172557.084:ERROR:process_memory_win.cc(73)] ReadMemory at 0x57bb90 of 132 bytes failed: Запрос ReadProcessMemory или WriteProcessMemory был выполнен только частично. (0x12B)
[0219/172557.084:ERROR:process_memory_win.cc(73)] ReadMemory at 0x57c810 of 132 bytes failed: Запрос ReadProcessMemory или WriteProcessMemory был выполнен только частично. (0x12B)
[0219/172557.084:ERROR:process_memory_win.cc(73)] ReadMemory at 0x57c900 of 132 bytes failed: Запрос ReadProcessMemory или WriteProcessMemory был выполнен только частично. (0x12B)
[0219/172557.084:ERROR:process_memory_win.cc(73)] ReadMemory at 0x57c9f0 of 132 bytes failed: Запрос ReadProcessMemory или WriteProcessMemory был выполнен только частично. (0x12B)
[0219/172557.084:ERROR:process_memory_win.cc(73)] ReadMemory at 0x57cae0 of 132 bytes failed: Запрос ReadProcessMemory или WriteProcessMemory был выполнен только частично. (0x12B)
[0219/172557.084:ERROR:process_memory_win.cc(73)] ReadMemory at 0x57cbd0 of 132 bytes failed: Запрос ReadProcessMemory или WriteProcessMemory был выполнен только частично. (0x12B)
[0219/172557.084:ERROR:process_memory_win.cc(73)] ReadMemory at 0x57ccc0 of 132 bytes failed: Запрос ReadProcessMemory или WriteProcessMemory был выполнен только частично. (0x12B)
[0219/172557.084:ERROR:process_memory_win.cc(73)] ReadMemory at 0x57cdb0 of 132 bytes failed: Запрос ReadProcessMemory или WriteProcessMemory был выполнен только частично. (0x12B)
[0219/172557.084:ERROR:process_memory_win.cc(73)] ReadMemory at 0x57cea0 of 132 bytes failed: Запрос ReadProcessMemory или WriteProcessMemory был выполнен только частично. (0x12B)
[0219/172557.085:ERROR:process_memory_win.cc(73)] ReadMemory at 0x57cf90 of 132 bytes failed: Запрос ReadProcessMemory или WriteProcessMemory был выполнен только частично. (0x12B)
[0219/172557.085:ERROR:process_memory_win.cc(73)] ReadMemory at 0x57d170 of 132 bytes failed: Запрос ReadProcessMemory или WriteProcessMemory был выполнен только частично. (0x12B)
[0219/172557.085:ERROR:process_memory_win.cc(73)] ReadMemory at 0x57d260 of 132 bytes failed: Запрос ReadProcessMemory или WriteProcessMemory был выполнен только частично. (0x12B)
[0219/172557.085:ERROR:process_memory_win.cc(73)] ReadMemory at 0x57d350 of 132 bytes failed: Запрос ReadProcessMemory или WriteProcessMemory был выполнен только частично. (0x12B)
[0219/172557.085:ERROR:process_memory_win.cc(73)] ReadMemory at 0x57d440 of 132 bytes failed: Запрос ReadProcessMemory или WriteProcessMemory был выполнен только частично. (0x12B)
[0219/172557.085:ERROR:process_memory_win.cc(73)] ReadMemory at 0x57d530 of 132 bytes failed: Запрос ReadProcessMemory или WriteProcessMemory был выполнен только частично. (0x12B)
[0219/172557.085:ERROR:process_memory_win.cc(73)] ReadMemory at 0x57d620 of 132 bytes failed: Запрос ReadProcessMemory или WriteProcessMemory был выполнен только частично. (0x12B)
[0219/172557.085:ERROR:process_memory_win.cc(73)] ReadMemory at 0x57d710 of 132 bytes failed: Запрос ReadProcessMemory или WriteProcessMemory был выполнен только частично. (0x12B)
[0219/172557.085:ERROR:process_memory_win.cc(73)] ReadMemory at 0x57d800 of 132 bytes failed: Запрос ReadProcessMemory или WriteProcessMemory был выполнен только частично. (0x12B)
[0219/172557.085:ERROR:process_memory_win.cc(73)] ReadMemory at 0x57d8f0 of 132 bytes failed: Запрос ReadProcessMemory или WriteProcessMemory был выполнен только частично. (0x12B)
[0219/172557.085:ERROR:process_memory_win.cc(73)] ReadMemory at 0x57d9e0 of 132 bytes failed: Запрос ReadProcessMemory или WriteProcessMemory был выполнен только частично. (0x12B)
[0219/172557.085:ERROR:process_memory_win.cc(73)] ReadMemory at 0x57dad0 of 132 bytes failed: Запрос ReadProcessMemory или WriteProcessMemory был выполнен только частично. (0x12B)
[0219/172557.085:ERROR:process_memory_win.cc(73)] ReadMemory at 0x57dbc0 of 132 bytes failed: Запрос ReadProcessMemory или WriteProcessMemory был выполнен только частично. (0x12B)
[0219/172557.085:ERROR:process_memory_win.cc(73)] ReadMemory at 0x57dcb0 of 132 bytes failed: Запрос ReadProcessMemory или WriteProcessMemory был выполнен только частично. (0x12B)
[0219/172557.085:ERROR:process_memory_win.cc(73)] ReadMemory at 0x57dda0 of 132 bytes failed: Запрос ReadProcessMemory или WriteProcessMemory был выполнен только частично. (0x12B)
[0219/172557.085:ERROR:process_memory_win.cc(73)] ReadMemory at 0x57de90 of 132 bytes failed: Запрос ReadProcessMemory или WriteProcessMemory был выполнен только частично. (0x12B)
[0219/172557.085:ERROR:process_memory_win.cc(73)] ReadMemory at 0x57df80 of 132 bytes failed: Запрос ReadProcessMemory или WriteProcessMemory был выполнен только частично. (0x12B)
[0219/172557.085:ERROR:process_memory_win.cc(73)] ReadMemory at 0x57e070 of 132 bytes failed: Запрос ReadProcessMemory или WriteProcessMemory был выполнен только частично. (0x12B)
[0219/172557.085:ERROR:process_memory_win.cc(73)] ReadMemory at 0x57e160 of 132 bytes failed: Запрос ReadProcessMemory или WriteProcessMemory был выполнен только частично. (0x12B)
[0219/172557.085:ERROR:process_memory_win.cc(73)] ReadMemory at 0x57e250 of 132 bytes failed: Запрос ReadProcessMemory или WriteProcessMemory был выполнен только частично. (0x12B)
[0219/172557.086:ERROR:process_memory_win.cc(73)] ReadMemory at 0x57e340 of 132 bytes failed: Запрос ReadProcessMemory или WriteProcessMemory был выполнен только частично. (0x12B)
[0219/172557.086:ERROR:process_memory_win.cc(73)] ReadMemory at 0x57e430 of 132 bytes failed: Запрос ReadProcessMemory или WriteProcessMemory был выполнен только частично. (0x12B)
[0219/172557.086:ERROR:process_memory_win.cc(73)] ReadMemory at 0x57e520 of 132 bytes failed: Запрос ReadProcessMemory или WriteProcessMemory был выполнен только частично. (0x12B)
[0219/172557.086:ERROR:process_memory_win.cc(73)] ReadMemory at 0x57e610 of 132 bytes failed: Запрос ReadProcessMemory или WriteProcessMemory был выполнен только частично. (0x12B)
[0219/172557.086:ERROR:process_memory_win.cc(73)] ReadMemory at 0x57f640 of 104 bytes failed: Запрос ReadProcessMemory или WriteProcessMemory был выполнен только частично. (0x12B)
[0219/172557.086:ERROR:process_memory_win.cc(73)] ReadMemory at 0x580fb0 of 132 bytes failed: Запрос ReadProcessMemory или WriteProcessMemory был выполнен только частично. (0x12B)
[0219/172557.086:ERROR:process_memory_win.cc(73)] ReadMemory at 0x5818a0 of 132 bytes failed: Запрос ReadProcessMemory или WriteProcessMemory был выполнен только частично. (0x12B)
[0219/172557.086:ERROR:process_memory_win.cc(73)] ReadMemory at 0x581990 of 132 bytes failed: Запрос ReadProcessMemory или WriteProcessMemory был выполнен только частично. (0x12B)
[0219/172557.086:ERROR:process_memory_win.cc(73)] ReadMemory at 0x581a80 of 132 bytes failed: Запрос ReadProcessMemory или WriteProcessMemory был выполнен только частично. (0x12B)
[0219/172557.086:ERROR:process_memory_win.cc(73)] ReadMemory at 0x581b70 of 132 bytes failed: Запрос ReadProcessMemory или WriteProcessMemory был выполнен только частично. (0x12B)
[0219/172557.086:ERROR:process_memory_win.cc(73)] ReadMemory at 0x581c60 of 132 bytes failed: Запрос ReadProcessMemory или WriteProcessMemory был выполнен только частично. (0x12B)
[0219/172557.086:ERROR:process_memory_win.cc(73)] ReadMemory at 0x581d50 of 132 bytes failed: Запрос ReadProcessMemory или WriteProcessMemory был выполнен только частично. (0x12B)
[0219/172557.086:ERROR:process_memory_win.cc(73)] ReadMemory at 0x581e40 of 132 bytes failed: Запрос ReadProcessMemory или WriteProcessMemory был выполнен только частично. (0x12B)
[0219/172557.086:ERROR:process_memory_win.cc(73)] ReadMemory at 0x582160 of 132 bytes failed: Запрос ReadProcessMemory или WriteProcessMemory был выполнен только частично. (0x12B)
[0219/172557.086:ERROR:process_memory_win.cc(73)] ReadMemory at 0x590dd0 of 64 bytes failed: Запрос ReadProcessMemory или WriteProcessMemory был выполнен только частично. (0x12B)
[0219/172557.086:ERROR:process_memory_win.cc(73)] ReadMemory at 0x590e20 of 64 bytes failed: Запрос ReadProcessMemory или WriteProcessMemory был выполнен только частично. (0x12B)
[0219/172557.086:ERROR:process_memory_win.cc(73)] ReadMemory at 0x590e70 of 64 bytes failed: Запрос ReadProcessMemory или WriteProcessMemory был выполнен только частично. (0x12B)
[0219/172557.086:ERROR:process_memory_win.cc(73)] ReadMemory at 0x590ec0 of 58 bytes failed: Запрос ReadProcessMemory или WriteProcessMemory был выполнен только частично. (0x12B)
[0219/172557.087:ERROR:process_memory_win.cc(73)] ReadMemory at 0x590f10 of 60 bytes failed: Запрос ReadProcessMemory или WriteProcessMemory был выполнен только частично. (0x12B)
[0219/172557.087:ERROR:process_memory_win.cc(73)] ReadMemory at 0x59a450 of 114 bytes failed: Запрос ReadProcessMemory или WriteProcessMemory был выполнен только частично. (0x12B)
[0219/172557.087:ERROR:process_memory_win.cc(73)] ReadMemory at 0x59a4d0 of 118 bytes failed: Запрос ReadProcessMemory или WriteProcessMemory был выполнен только частично. (0x12B)
[0219/172557.087:ERROR:process_memory_win.cc(73)] ReadMemory at 0x59a550 of 116 bytes failed: Запрос ReadProcessMemory или WriteProcessMemory был выполнен только частично. (0x12B)
[0219/172557.087:ERROR:process_memory_win.cc(73)] ReadMemory at 0x59a5d0 of 118 bytes failed: Запрос ReadProcessMemory или WriteProcessMemory был выполнен только частично. (0x12B)
[0219/172557.087:ERROR:process_memory_win.cc(73)] ReadMemory at 0x59e590 of 120 bytes failed: Запрос ReadProcessMemory или WriteProcessMemory был выполнен только частично. (0x12B)
[0219/172557.087:ERROR:process_memory_win.cc(73)] ReadMemory at 0x59e620 of 130 bytes failed: Запрос ReadProcessMemory или WriteProcessMemory был выполнен только частично. (0x12B)
[0219/172557.087:ERROR:process_memory_win.cc(73)] ReadMemory at 0x59e8e0 of 124 bytes failed: Запрос ReadProcessMemory или WriteProcessMemory был выполнен только частично. (0x12B)
[0219/172557.087:ERROR:process_memory_win.cc(73)] ReadMemory at 0x59e970 of 130 bytes failed: Запрос ReadProcessMemory или WriteProcessMemory был выполнен только частично. (0x12B)
[0219/172557.087:ERROR:process_memory_win.cc(73)] ReadMemory at 0x5a8ee0 of 120 bytes failed: Запрос ReadProcessMemory или WriteProcessMemory был выполнен только частично. (0x12B)
[0219/172557.087:ERROR:process_memory_win.cc(73)] ReadMemory at 0x5abbd0 of 64 bytes failed: Запрос ReadProcessMemory или WriteProcessMemory был выполнен только частично. (0x12B)
[0219/172557.087:ERROR:process_memory_win.cc(73)] ReadMemory at 0x5abc20 of 60 bytes failed: Запрос ReadProcessMemory или WriteProcessMemory был выполнен только частично. (0x12B)
[0219/172557.087:ERROR:process_memory_win.cc(73)] ReadMemory at 0x5abc70 of 60 bytes failed: Запрос ReadProcessMemory или WriteProcessMemory был выполнен только частично. (0x12B)
[0219/172557.087:ERROR:process_memory_win.cc(73)] ReadMemory at 0x5abcc0 of 64 bytes failed: Запрос ReadProcessMemory или WriteProcessMemory был выполнен только частично. (0x12B)
[0219/172557.087:ERROR:process_memory_win.cc(73)] ReadMemory at 0x5abd10 of 62 bytes failed: Запрос ReadProcessMemory или WriteProcessMemory был выполнен только частично. (0x12B)
[0219/172557.087:ERROR:process_memory_win.cc(73)] ReadMemory at 0x5abd60 of 60 bytes failed: Запрос ReadProcessMemory или WriteProcessMemory был выполнен только частично. (0x12B)
[0219/172557.087:ERROR:process_memory_win.cc(73)] ReadMemory at 0x5abdb0 of 60 bytes failed: Запрос ReadProcessMemory или WriteProcessMemory был выполнен только частично. (0x12B)
[0219/172557.087:ERROR:process_memory_win.cc(73)] ReadMemory at 0x5abe00 of 56 bytes failed: Запрос ReadProcessMemory или WriteProcessMemory был выполнен только частично. (0x12B)
[0219/172557.087:ERROR:process_memory_win.cc(73)] ReadMemory at 0x5abe50 of 60 bytes failed: Запрос ReadProcessMemory или WriteProcessMemory был выполнен только частично. (0x12B)
[0219/172557.088:ERROR:process_memory_win.cc(73)] ReadMemory at 0x5abea0 of 64 bytes failed: Запрос ReadProcessMemory или WriteProcessMemory был выполнен только частично. (0x12B)
[0219/172557.088:ERROR:process_memory_win.cc(73)] ReadMemory at 0x5abef0 of 62 bytes failed: Запрос ReadProcessMemory или WriteProcessMemory был выполнен только частично. (0x12B)
[0219/172557.088:ERROR:process_memory_win.cc(73)] ReadMemory at 0x5abf40 of 64 bytes failed: Запрос ReadProcessMemory или WriteProcessMemory был выполнен только частично. (0x12B)
[0219/172557.088:ERROR:process_memory_win.cc(73)] ReadMemory at 0x5abf90 of 62 bytes failed: Запрос ReadProcessMemory или WriteProcessMemory был выполнен только частично. (0x12B)
[0219/172557.088:ERROR:process_memory_win.cc(73)] ReadMemory at 0x5abfe0 of 58 bytes failed: Запрос ReadProcessMemory или WriteProcessMemory был выполнен только частично. (0x12B)
[0219/172557.088:ERROR:process_memory_win.cc(73)] ReadMemory at 0x5ac030 of 60 bytes failed: Запрос ReadProcessMemory или WriteProcessMemory был выполнен только частично. (0x12B)
[0219/172557.088:ERROR:process_memory_win.cc(73)] ReadMemory at 0x5ac080 of 64 bytes failed: Запрос ReadProcessMemory или WriteProcessMemory был выполнен только частично. (0x12B)
[0219/172557.088:ERROR:process_memory_win.cc(73)] ReadMemory at 0x5ac0d0 of 64 bytes failed: Запрос ReadProcessMemory или WriteProcessMemory был выполнен только частично. (0x12B)
[0219/172557.088:ERROR:process_memory_win.cc(73)] ReadMemory at 0x5ac170 of 62 bytes failed: Запрос ReadProcessMemory или WriteProcessMemory был выполнен только частично. (0x12B)
[0219/172557.088:ERROR:process_memory_win.cc(73)] ReadMemory at 0x5ac1c0 of 62 bytes failed: Запрос ReadProcessMemory или WriteProcessMemory был выполнен только частично. (0x12B)
[0219/172557.088:ERROR:process_memory_win.cc(73)] ReadMemory at 0x5ac210 of 62 bytes failed: Запрос ReadProcessMemory или WriteProcessMemory был выполнен только частично. (0x12B)
[0219/172557.088:ERROR:process_memory_win.cc(73)] ReadMemory at 0x5ac260 of 64 bytes failed: Запрос ReadProcessMemory или WriteProcessMemory был выполнен только частично. (0x12B)
[0219/172557.088:ERROR:process_memory_win.cc(73)] ReadMemory at 0x5aff00 of 54 bytes failed: Запрос ReadProcessMemory или WriteProcessMemory был выполнен только частично. (0x12B)
[0219/172557.088:ERROR:process_memory_win.cc(73)] ReadMemory at 0x5b0afc of 512 bytes failed: Запрос ReadProcessMemory или WriteProcessMemory был выполнен только частично. (0x12B)
[0219/172557.088:ERROR:process_memory_win.cc(73)] ReadMemory at 0x5b1d30 of 158 bytes failed: Запрос ReadProcessMemory или WriteProcessMemory был выполнен только частично. (0x12B)
[0219/172557.088:ERROR:process_memory_win.cc(73)] ReadMemory at 0x5b5de0 of 248 bytes failed: Запрос ReadProcessMemory или WriteProcessMemory был выполнен только частично. (0x12B)
[0219/172557.088:ERROR:process_memory_win.cc(73)] ReadMemory at 0x5b5f20 of 132 bytes failed: Запрос ReadProcessMemory или WriteProcessMemory был выполнен только частично. (0x12B)
[0219/172557.088:ERROR:process_memory_win.cc(73)] ReadMemory at 0x5b6010 of 132 bytes failed: Запрос ReadProcessMemory или WriteProcessMemory был выполнен только частично. (0x12B)
[0219/172557.088:ERROR:process_memory_win.cc(73)] ReadMemory at 0x5b6100 of 132 bytes failed: Запрос ReadProcessMemory или WriteProcessMemory был выполнен только частично. (0x12B)
[0219/172557.088:ERROR:process_memory_win.cc(73)] ReadMemory at 0x5b61f0 of 132 bytes failed: Запрос ReadProcessMemory или WriteProcessMemory был выполнен только частично. (0x12B)
[0219/172557.088:ERROR:process_memory_win.cc(73)] ReadMemory at 0x5b62e0 of 132 bytes failed: Запрос ReadProcessMemory или WriteProcessMemory был выполнен только частично. (0x12B)
[0219/172557.088:ERROR:process_memory_win.cc(73)] ReadMemory at 0x5b63d0 of 132 bytes failed: Запрос ReadProcessMemory или WriteProcessMemory был выполнен только частично. (0x12B)
[0219/172557.089:ERROR:process_memory_win.cc(73)] ReadMemory at 0x5b64c0 of 132 bytes failed: Запрос ReadProcessMemory или WriteProcessMemory был выполнен только частично. (0x12B)
[0219/172557.089:ERROR:process_memory_win.cc(73)] ReadMemory at 0x5b65b0 of 132 bytes failed: Запрос ReadProcessMemory или WriteProcessMemory был выполнен только частично. (0x12B)
[0219/172557.089:ERROR:process_memory_win.cc(73)] ReadMemory at 0x5b66a0 of 132 bytes failed: Запрос ReadProcessMemory или WriteProcessMemory был выполнен только частично. (0x12B)
[0219/172557.089:ERROR:process_memory_win.cc(73)] ReadMemory at 0x5b6790 of 132 bytes failed: Запрос ReadProcessMemory или WriteProcessMemory был выполнен только частично. (0x12B)
[0219/172557.089:ERROR:process_memory_win.cc(73)] ReadMemory at 0x5b6880 of 132 bytes failed: Запрос ReadProcessMemory или WriteProcessMemory был выполнен только частично. (0x12B)
[0219/172557.089:ERROR:process_memory_win.cc(73)] ReadMemory at 0x5b6970 of 132 bytes failed: Запрос ReadProcessMemory или WriteProcessMemory был выполнен только частично. (0x12B)
[0219/172557.089:ERROR:process_memory_win.cc(73)] ReadMemory at 0x5b6a60 of 132 bytes failed: Запрос ReadProcessMemory или WriteProcessMemory был выполнен только частично. (0x12B)
[0219/172557.089:ERROR:process_memory_win.cc(73)] ReadMemory at 0x5b6b50 of 132 bytes failed: Запрос ReadProcessMemory или WriteProcessMemory был выполнен только частично. (0x12B)
[0219/172557.089:ERROR:process_memory_win.cc(73)] ReadMemory at 0x5b6c40 of 132 bytes failed: Запрос ReadProcessMemory или WriteProcessMemory был выполнен только частично. (0x12B)
[0219/172557.089:ERROR:process_memory_win.cc(73)] ReadMemory at 0x5b6d30 of 132 bytes failed: Запрос ReadProcessMemory или WriteProcessMemory был выполнен только частично. (0x12B)
[0219/172557.089:ERROR:process_memory_win.cc(73)] ReadMemory at 0x5b6f10 of 132 bytes failed: Запрос ReadProcessMemory или WriteProcessMemory был выполнен только частично. (0x12B)
[0219/172557.089:ERROR:process_memory_win.cc(73)] ReadMemory at 0x5b70f0 of 132 bytes failed: Запрос ReadProcessMemory или WriteProcessMemory был выполнен только частично. (0x12B)
[0219/172557.089:ERROR:process_memory_win.cc(73)] ReadMemory at 0x5b71e0 of 132 bytes failed: Запрос ReadProcessMemory или WriteProcessMemory был выполнен только частично. (0x12B)
[0219/172557.089:ERROR:process_memory_win.cc(73)] ReadMemory at 0x5b72d0 of 132 bytes failed: Запрос ReadProcessMemory или WriteProcessMemory был выполнен только частично. (0x12B)
[0219/172557.089:ERROR:process_memory_win.cc(73)] ReadMemory at 0x5b73c0 of 132 bytes failed: Запрос ReadProcessMemory или WriteProcessMemory был выполнен только частично. (0x12B)
[0219/172557.089:ERROR:process_memory_win.cc(73)] ReadMemory at 0x5b74b0 of 132 bytes failed: Запрос ReadProcessMemory или WriteProcessMemory был выполнен только частично. (0x12B)
[0219/172557.089:ERROR:process_memory_win.cc(73)] ReadMemory at 0x5b75a0 of 132 bytes failed: Запрос ReadProcessMemory или WriteProcessMemory был выполнен только частично. (0x12B)
[0219/172557.089:ERROR:process_memory_win.cc(73)] ReadMemory at 0x5b7690 of 132 bytes failed: Запрос ReadProcessMemory или WriteProcessMemory был выполнен только частично. (0x12B)
[0219/172557.089:ERROR:process_memory_win.cc(73)] ReadMemory at 0x5b7780 of 132 bytes failed: Запрос ReadProcessMemory или WriteProcessMemory был выполнен только частично. (0x12B)
[0219/172557.090:ERROR:process_memory_win.cc(73)] ReadMemory at 0x5b7870 of 132 bytes failed: Запрос ReadProcessMemory или WriteProcessMemory был выполнен только частично. (0x12B)
[0219/172557.090:ERROR:process_memory_win.cc(73)] ReadMemory at 0x5b7960 of 132 bytes failed: Запрос ReadProcessMemory или WriteProcessMemory был выполнен только частично. (0x12B)
[0219/172557.090:ERROR:process_memory_win.cc(73)] ReadMemory at 0x5b7a50 of 132 bytes failed: Запрос ReadProcessMemory или WriteProcessMemory был выполнен только частично. (0x12B)
[0219/172557.090:ERROR:process_memory_win.cc(73)] ReadMemory at 0x5b7b40 of 132 bytes failed: Запрос ReadProcessMemory или WriteProcessMemory был выполнен только частично. (0x12B)
[0219/172557.090:ERROR:process_memory_win.cc(73)] ReadMemory at 0x5b7c30 of 132 bytes failed: Запрос ReadProcessMemory или WriteProcessMemory был выполнен только частично. (0x12B)
[0219/172557.090:ERROR:process_memory_win.cc(73)] ReadMemory at 0x5b7d20 of 132 bytes failed: Запрос ReadProcessMemory или WriteProcessMemory был выполнен только частично. (0x12B)
[0219/172557.090:ERROR:process_memory_win.cc(73)] ReadMemory at 0x5c43e0 of 66 bytes failed: Запрос ReadProcessMemory или WriteProcessMemory был выполнен только частично. (0x12B)
[0219/172557.090:ERROR:process_memory_win.cc(73)] ReadMemory at 0x5cf510 of 54 bytes failed: Запрос ReadProcessMemory или WriteProcessMemory был выполнен только частично. (0x12B)
[0219/172557.090:ERROR:process_memory_win.cc(73)] ReadMemory at 0x5cf550 of 52 bytes failed: Запрос ReadProcessMemory или WriteProcessMemory был выполнен только частично. (0x12B)
[0219/172557.090:ERROR:process_memory_win.cc(73)] ReadMemory at 0x5cfc10 of 54 bytes failed: Запрос ReadProcessMemory или WriteProcessMemory был выполнен только частично. (0x12B)
[0219/172557.090:ERROR:process_memory_win.cc(73)] ReadMemory at 0x5cfc50 of 54 bytes failed: Запрос ReadProcessMemory или WriteProcessMemory был выполнен только частично. (0x12B)
[0219/172557.090:ERROR:process_memory_win.cc(73)] ReadMemory at 0x5d1230 of 60 bytes failed: Запрос ReadProcessMemory или WriteProcessMemory был выполнен только частично. (0x12B)
[0219/172557.090:ERROR:process_memory_win.cc(73)] ReadMemory at 0x5d12d0 of 56 bytes failed: Запрос ReadProcessMemory или WriteProcessMemory был выполнен только частично. (0x12B)
[0219/172557.090:ERROR:process_memory_win.cc(73)] ReadMemory at 0x5d13c0 of 70 bytes failed: Запрос ReadProcessMemory или WriteProcessMemory был выполнен только частично. (0x12B)
[0219/172557.090:ERROR:process_memory_win.cc(73)] ReadMemory at 0x5d1410 of 60 bytes failed: Запрос ReadProcessMemory или WriteProcessMemory был выполнен только частично. (0x12B)
[0219/172557.090:ERROR:process_memory_win.cc(73)] ReadMemory at 0x5d1460 of 64 bytes failed: Запрос ReadProcessMemory или WriteProcessMemory был выполнен только частично. (0x12B)
[0219/172557.090:ERROR:process_memory_win.cc(73)] ReadMemory at 0x5d14b0 of 60 bytes failed: Запрос ReadProcessMemory или WriteProcessMemory был выполнен только частично. (0x12B)
[0219/172557.090:ERROR:process_memory_win.cc(73)] ReadMemory at 0x5d1500 of 58 bytes failed: Запрос ReadProcessMemory или WriteProcessMemory был выполнен только частично. (0x12B)
[0219/172557.090:ERROR:process_memory_win.cc(73)] ReadMemory at 0x5d1550 of 56 bytes failed: Запрос ReadProcessMemory или WriteProcessMemory был выполнен только частично. (0x12B)
[0219/172557.090:ERROR:process_memory_win.cc(73)] ReadMemory at 0x5d15a0 of 62 bytes failed: Запрос ReadProcessMemory или WriteProcessMemory был выполнен только частично. (0x12B)
[0219/172557.091:ERROR:process_memory_win.cc(73)] ReadMemory at 0x5d1ff0 of 58 bytes failed: Запрос ReadProcessMemory или WriteProcessMemory был выполнен только частично. (0x12B)
[0219/172557.091:ERROR:process_memory_win.cc(73)] ReadMemory at 0x5d2130 of 68 bytes failed: Запрос ReadProcessMemory или WriteProcessMemory был выполнен только частично. (0x12B)
[0219/172557.091:ERROR:process_memory_win.cc(73)] ReadMemory at 0x5d38c0 of 152 bytes failed: Запрос ReadProcessMemory или WriteProcessMemory был выполнен только частично. (0x12B)
[0219/172557.091:ERROR:process_memory_win.cc(73)] ReadMemory at 0x5d3e10 of 76 bytes failed: Запрос ReadProcessMemory или WriteProcessMemory был выполнен только частично. (0x12B)
[0219/172557.091:ERROR:process_memory_win.cc(73)] ReadMemory at 0x5e02b8 of 126 bytes failed: Запрос ReadProcessMemory или WriteProcessMemory был выполнен только частично. (0x12B)
[0219/172557.091:ERROR:process_memory_win.cc(73)] ReadMemory at 0x5f5950 of 132 bytes failed: Запрос ReadProcessMemory или WriteProcessMemory был выполнен только частично. (0x12B)
[0219/172557.091:ERROR:process_memory_win.cc(73)] ReadMemory at 0x5f5a40 of 132 bytes failed: Запрос ReadProcessMemory или WriteProcessMemory был выполнен только частично. (0x12B)
[0219/172557.091:ERROR:process_memory_win.cc(73)] ReadMemory at 0x5f5b30 of 132 bytes failed: Запрос ReadProcessMemory или WriteProcessMemory был выполнен только частично. (0x12B)
[0219/172557.091:ERROR:process_memory_win.cc(73)] ReadMemory at 0x5f5c20 of 132 bytes failed: Запрос ReadProcessMemory или WriteProcessMemory был выполнен только частично. (0x12B)
[0219/172557.091:ERROR:process_memory_win.cc(73)] ReadMemory at 0x5f5e00 of 132 bytes failed: Запрос ReadProcessMemory или WriteProcessMemory был выполнен только частично. (0x12B)
[0219/172557.091:ERROR:process_memory_win.cc(73)] ReadMemory at 0x5f5ef0 of 132 bytes failed: Запрос ReadProcessMemory или WriteProcessMemory был выполнен только частично. (0x12B)
[0219/172557.091:ERROR:process_memory_win.cc(73)] ReadMemory at 0x5f5fe0 of 132 bytes failed: Запрос ReadProcessMemory или WriteProcessMemory был выполнен только частично. (0x12B)
[0219/172557.091:ERROR:process_memory_win.cc(73)] ReadMemory at 0x5f6320 of 512 bytes failed: Запрос ReadProcessMemory или WriteProcessMemory был выполнен только частично. (0x12B)
[0219/172557.091:ERROR:process_memory_win.cc(73)] ReadMemory at 0x5f7220 of 752 bytes failed: Запрос ReadProcessMemory или WriteProcessMemory был выполнен только частично. (0x12B)
[0219/172557.091:ERROR:process_memory_win.cc(73)] ReadMemory at 0x601e30 of 146 bytes failed: Запрос ReadProcessMemory или WriteProcessMemory был выполнен только частично. (0x12B)
[0219/172557.091:ERROR:process_memory_win.cc(73)] ReadMemory at 0x617d90 of 62 bytes failed: Запрос ReadProcessMemory или WriteProcessMemory был выполнен только частично. (0x12B)
[0219/172557.091:ERROR:process_memory_win.cc(73)] ReadMemory at 0x617e30 of 70 bytes failed: Запрос ReadProcessMemory или WriteProcessMemory был выполнен только частично. (0x12B)
[0219/172557.091:ERROR:process_memory_win.cc(73)] ReadMemory at 0x617e80 of 60 bytes failed: Запрос ReadProcessMemory или WriteProcessMemory был выполнен только частично. (0x12B)
[0219/172557.091:ERROR:process_memory_win.cc(73)] ReadMemory at 0x29030c0 of 512 bytes failed: Запрос ReadProcessMemory или WriteProcessMemory был выполнен только частично. (0x12B)
[0219/172557.091:ERROR:process_memory_win.cc(73)] ReadMemory at 0x2943360 of 512 bytes failed: Запрос ReadProcessMemory или WriteProcessMemory был выполнен только частично. (0x12B)
[0219/172557.091:ERROR:process_memory_win.cc(73)] ReadMemory at 0x3622d10 of 512 bytes failed: Запрос ReadProcessMemory или WriteProcessMemory был выполнен только частично. (0x12B)
[0219/172557.092:ERROR:process_memory_win.cc(73)] ReadMemory at 0x368b7f0 of 592 bytes failed: Запрос ReadProcessMemory или WriteProcessMemory был выполнен только частично. (0x12B)
[0219/172557.092:ERROR:process_memory_win.cc(73)] ReadMemory at 0x36b3550 of 592 bytes failed: Запрос ReadProcessMemory или WriteProcessMemory был выполнен только частично. (0x12B)
[0219/172557.092:ERROR:process_memory_win.cc(73)] ReadMemory at 0x4407160 of 512 bytes failed: Запрос ReadProcessMemory или WriteProcessMemory был выполнен только частично. (0x12B)
[0219/172557.092:ERROR:process_memory_win.cc(73)] ReadMemory at 0x61d28f0 of 512 bytes failed: Запрос ReadProcessMemory или WriteProcessMemory был выполнен только частично. (0x12B)
[0219/172557.092:ERROR:process_memory_win.cc(73)] ReadMemory at 0x62244b8 of 512 bytes failed: Запрос ReadProcessMemory или WriteProcessMemory был выполнен только частично. (0x12B)
[0219/172557.092:ERROR:process_memory_win.cc(73)] ReadMemory at 0x6e26d90 of 512 bytes failed: Запрос ReadProcessMemory или WriteProcessMemory был выполнен только частично. (0x12B)
[0219/172557.092:ERROR:process_memory_win.cc(73)] ReadMemory at 0x6e8fdd0 of 512 bytes failed: Запрос ReadProcessMemory или WriteProcessMemory был выполнен только частично. (0x12B)
[0219/172557.092:ERROR:process_memory_win.cc(73)] ReadMemory at 0xda1ac10 of 512 bytes failed: Запрос ReadProcessMemory или WriteProcessMemory был выполнен только частично. (0x12B)
[0219/172557.096:ERROR:process_memory_win.cc(73)] ReadMemory at 0xdcf6620 of 512 bytes failed: Запрос ReadProcessMemory или WriteProcessMemory был выполнен только частично. (0x12B)
[0219/172557.096:ERROR:process_memory_win.cc(73)] ReadMemory at 0xfd6dc20 of 512 bytes failed: Запрос ReadProcessMemory или WriteProcessMemory был выполнен только частично. (0x12B)
[0219/172557.096:ERROR:process_memory_win.cc(73)] ReadMemory at 0x12f0f7b0 of 512 bytes failed: Запрос ReadProcessMemory или WriteProcessMemory был выполнен только частично. (0x12B)
[0219/172557.096:ERROR:process_memory_win.cc(73)] ReadMemory at 0x131cc578 of 512 bytes failed: Запрос ReadProcessMemory или WriteProcessMemory был выполнен только частично. (0x12B)
[0219/172557.096:ERROR:process_memory_win.cc(73)] ReadMemory at 0x7786b2a8 of 512 bytes failed: Запрос ReadProcessMemory или WriteProcessMemory был выполнен только частично. (0x12B)
[0219/172557.096:ERROR:process_memory_win.cc(73)] ReadMemory at 0x77987bc8 of 18 bytes failed: Запрос ReadProcessMemory или WriteProcessMemory был выполнен только частично. (0x12B)
[0219/172557.097:ERROR:process_memory_win.cc(73)] ReadMemory at 0x7798a6c8 of 576 bytes failed: Запрос ReadProcessMemory или WriteProcessMemory был выполнен только частично. (0x12B)
[0219/172557.097:ERROR:process_memory_win.cc(73)] ReadMemory at 0x7798a928 of 672 bytes failed: Запрос ReadProcessMemory или WriteProcessMemory был выполнен только частично. (0x12B)
[0219/172557.097:ERROR:process_memory_win.cc(73)] ReadMemory at 0x7799b6c0 of 512 bytes failed: Запрос ReadProcessMemory или WriteProcessMemory был выполнен только частично. (0x12B)
[0219/172557.097:ERROR:process_memory_win.cc(73)] ReadMemory at 0x779e986a of 592 bytes failed: Запрос ReadProcessMemory или WriteProcessMemory был выполнен только частично. (0x12B)
[0219/172557.097:ERROR:process_memory_win.cc(73)] ReadMemory at 0x779e9b6a of 512 bytes failed: Запрос ReadProcessMemory или WriteProcessMemory был выполнен только частично. (0x12B)
[0219/172557.097:ERROR:process_memory_win.cc(73)] ReadMemory at 0x779e9dda of 512 bytes failed: Запрос ReadProcessMemory или WriteProcessMemory был выполнен только частично. (0x12B)
[0219/172557.097:ERROR:process_memory_win.cc(73)] ReadMemory at 0x779eb12a of 512 bytes failed: Запрос ReadProcessMemory или WriteProcessMemory был выполнен только частично. (0x12B)
[0219/172557.097:ERROR:process_memory_win.cc(73)] ReadMemory at 0x77a79710 of 512 bytes failed: Запрос ReadProcessMemory или WriteProcessMemory был выполнен только частично. (0x12B)
[0219/172557.097:ERROR:process_memory_win.cc(73)] ReadMemory at 0x77aa80d8 of 40 bytes failed: Запрос ReadProcessMemory или WriteProcessMemory был выполнен только частично. (0x12B)
[0219/172557.097:ERROR:process_memory_win.cc(73)] ReadMemory at 0x77ab2dc0 of 48 bytes failed: Запрос ReadProcessMemory или WriteProcessMemory был выполнен только частично. (0x12B)
[0219/172557.097:ERROR:process_memory_win.cc(73)] ReadMemory at 0x77ab2e40 of 64 bytes failed: Запрос ReadProcessMemory или WriteProcessMemory был выполнен только частично. (0x12B)
[0219/172557.097:ERROR:process_memory_win.cc(73)] ReadMemory at 0x7fecc18d456 of 512 bytes failed: Запрос ReadProcessMemory или WriteProcessMemory был выполнен только частично. (0x12B)
[0219/172557.097:ERROR:process_memory_win.cc(73)] ReadMemory at 0x7fecdbe587d of 512 bytes failed: Запрос ReadProcessMemory или WriteProcessMemory был выполнен только частично. (0x12B)
[0219/172557.097:ERROR:process_memory_win.cc(73)] ReadMemory at 0x7fecdbe5f54 of 512 bytes failed: Запрос ReadProcessMemory или WriteProcessMemory был выполнен только частично. (0x12B)
[0219/172557.097:ERROR:process_memory_win.cc(73)] ReadMemory at 0x7fed03b6790 of 512 bytes failed: Запрос ReadProcessMemory или WriteProcessMemory был выполнен только частично. (0x12B)
[0219/172557.097:ERROR:process_memory_win.cc(73)] ReadMemory at 0x7fed5062c9a of 512 bytes failed: Запрос ReadProcessMemory или WriteProcessMemory был выполнен только частично. (0x12B)
[0219/172557.097:ERROR:process_memory_win.cc(73)] ReadMemory at 0x7fef2c0765a of 512 bytes failed: Запрос ReadProcessMemory или WriteProcessMemory был выполнен только частично. (0x12B)
[0219/172557.097:ERROR:process_memory_win.cc(73)] ReadMemory at 0x7fffff9a000 of 6024 bytes failed: Запрос ReadProcessMemory или WriteProcessMemory был выполнен только частично. (0x12B)
[0219/172557.098:ERROR:process_memory_win.cc(73)] ReadMemory at 0x7fffffa0000 of 6024 bytes failed: Запрос ReadProcessMemory или WriteProcessMemory был выполнен только частично. (0x12B)
[0219/172557.098:ERROR:process_memory_win.cc(73)] ReadMemory at 0x7fffffa2000 of 6024 bytes failed: Запрос ReadProcessMemory или WriteProcessMemory был выполнен только частично. (0x12B)
[0219/172557.098:ERROR:process_memory_win.cc(73)] ReadMemory at 0x7fffffa4000 of 6024 bytes failed: Запрос ReadProcessMemory или WriteProcessMemory был выполнен только частично. (0x12B)
[0219/172557.098:ERROR:process_memory_win.cc(73)] ReadMemory at 0x7fffffa6000 of 6024 bytes failed: Запрос ReadProcessMemory или WriteProcessMemory был выполнен только частично. (0x12B)
[0219/172557.098:ERROR:process_memory_win.cc(73)] ReadMemory at 0x7fffffa8000 of 6024 bytes failed: Запрос ReadProcessMemory или WriteProcessMemory был выполнен только частично. (0x12B)
[0219/172557.098:ERROR:process_memory_win.cc(73)] ReadMemory at 0x7fffffaa000 of 6024 bytes failed: Запрос ReadProcessMemory или WriteProcessMemory был выполнен только частично. (0x12B)
[0219/172557.098:ERROR:process_memory_win.cc(73)] ReadMemory at 0x7fffffac000 of 6024 bytes failed: Запрос ReadProcessMemory или WriteProcessMemory был выполнен только частично. (0x12B)
[0219/172557.098:ERROR:process_memory_win.cc(73)] ReadMemory at 0x7fffffae000 of 6024 bytes failed: Запрос ReadProcessMemory или WriteProcessMemory был выполнен только частично. (0x12B)
[0219/172557.098:ERROR:process_memory_win.cc(73)] ReadMemory at 0x7fffffd4000 of 6024 bytes failed: Запрос ReadProcessMemory или WriteProcessMemory был выполнен только частично. (0x12B)
[0219/172557.098:ERROR:process_memory_win.cc(73)] ReadMemory at 0x7fffffd6000 of 852 bytes failed: Запрос ReadProcessMemory или WriteProcessMemory был выполнен только частично. (0x12B)
[0219/172557.098:ERROR:process_memory_win.cc(73)] ReadMemory at 0x7fffffd8000 of 6024 bytes failed: Запрос ReadProcessMemory или WriteProcessMemory был выполнен только частично. (0x12B)
[0219/172557.098:ERROR:process_memory_win.cc(73)] ReadMemory at 0x7fffffda000 of 6024 bytes failed: Запрос ReadProcessMemory или WriteProcessMemory был выполнен только частично. (0x12B)
[0219/172557.098:ERROR:process_memory_win.cc(73)] ReadMemory at 0x7fffffdc000 of 6024 bytes failed: Запрос ReadProcessMemory или WriteProcessMemory был выполнен только частично. (0x12B)
[0219/172557.099:ERROR:process_memory_win.cc(73)] ReadMemory at 0x7fffffde000 of 6024 bytes failed: Запрос ReadProcessMemory или WriteProcessMemory был выполнен только частично. (0x12B)
[0219/172557.106:ERROR:scoped_process_suspend.cc(40)] NtResumeProcess: Попытка доступа к процессу, выполняющему процедуру завершения. (0xc000010a)
[0221/104910.176:ERROR:file_io.cc(134)] WriteFile: Идет закрытие канала. (0xE8)
